	trimmomatic 0.36 loaded, see 'module help trimmomatic/0.36' for more information.
TrimmomaticPE: Started with arguments:
 -threads 2 -phred33 -trimlog /domus/h1/moten/2021_genanaly/0_data/RNA_untrimmed/SRR4342137.1.fastq.gz /domus/h1/moten/2021_genanaly/0_data/RNA_untrimmed/SRR4342137.2.fastq.gz /domus/h1/moten/2021_genanaly/0_data/RNA_trimmed/SRR4342137_1_paired.fastq.gz /domus/h1/moten/2021_genanaly/0_data/RNA_trimmed/SRR4342137_1_unpaired.fastq.gz /domus/h1/moten/2021_genanaly/0_data/RNA_trimmed/SRR4342137_2_paired.fastq.gz /domus/h1/moten/2021_genanaly/0_data/RNA_trimmed/SRR4342137_2_unpaired.fastq.gz ILLUMINACLIP:/sw/apps/bioinfo/trimmomatic/0.36/rackham/adapters/TruSeq3-PE.fa:2:30:10 LEADING:3 TRAILING:3 SLIDINGWINDOW:4:15 MINLEN:36
Exception in thread "main" java.io.FileNotFoundException: /domus/h1/moten/2021_genanaly/0_data/RNA_trimmed/SRR4342137_1_paired.fastq.gz (No such file or directory)
	at java.io.FileInputStream.open0(Native Method)
	at java.io.FileInputStream.open(FileInputStream.java:195)
	at java.io.FileInputStream.<init>(FileInputStream.java:138)
	at org.usadellab.trimmomatic.fastq.FastqParser.parse(FastqParser.java:135)
	at org.usadellab.trimmomatic.TrimmomaticPE.process(TrimmomaticPE.java:267)
	at org.usadellab.trimmomatic.TrimmomaticPE.run(TrimmomaticPE.java:539)
	at org.usadellab.trimmomatic.Trimmomatic.main(Trimmomatic.java:80)
TrimmomaticPE: Started with arguments:
 -threads 2 -phred33 -trimlog /domus/h1/moten/2021_genanaly/0_data/RNA_untrimmed/SRR4342139.1.fastq.gz /domus/h1/moten/2021_genanaly/0_data/RNA_untrimmed/SRR4342139.2.fastq.gz /domus/h1/moten/2021_genanaly/0_data/RNA_trimmed/SRR4342139_1_paired.fastq.gz /domus/h1/moten/2021_genanaly/0_data/RNA_trimmed/SRR4342139_1_unpaired.fastq.gz /domus/h1/moten/2021_genanaly/0_data/RNA_trimmed/SRR4342139_2_paired.fastq.gz /domus/h1/moten/2021_genanaly/0_data/RNA_trimmed/SRR4342139_2_unpaired.fastq.gz ILLUMINACLIP:/sw/apps/bioinfo/trimmomatic/0.36/rackham/adapters/TruSeq3-PE.fa:2:30:10 LEADING:3 TRAILING:3 SLIDINGWINDOW:4:15 MINLEN:36
Exception in thread "main" java.io.FileNotFoundException: /domus/h1/moten/2021_genanaly/0_data/RNA_trimmed/SRR4342139_1_paired.fastq.gz (No such file or directory)
	at java.io.FileInputStream.open0(Native Method)
	at java.io.FileInputStream.open(FileInputStream.java:195)
	at java.io.FileInputStream.<init>(FileInputStream.java:138)
	at org.usadellab.trimmomatic.fastq.FastqParser.parse(FastqParser.java:135)
	at org.usadellab.trimmomatic.TrimmomaticPE.process(TrimmomaticPE.java:267)
	at org.usadellab.trimmomatic.TrimmomaticPE.run(TrimmomaticPE.java:539)
	at org.usadellab.trimmomatic.Trimmomatic.main(Trimmomatic.java:80)
